Build started 30/10/2014 03:20:00.
     1>Project "C:\Users\Benjamin\Code\Github\TheAudioTale\SFML_bin\src\SFML\Network\sfml-network.vcxproj" on node 4 (Rebuild target(s)).
     1>CustomBuild:
         Building Custom Rule C:/Users/Benjamin/Code/Github/TheAudioTale/SFML-2.1/src/SFML/Network/CMakeLists.txt
         CMake does not need to re-run because C:\Users\Benjamin\Code\Github\TheAudioTale\SFML_bin\src\SFML\Network\CMakeFiles\generate.stamp is up-to-date.
       ClCompile:
         C:\Program Files (x86)\Microsoft Visual Studio 12.0\VC\bin\CL.exe /c /I"C:\Users\Benjamin\Code\Github\TheAudioTale\SFML-2.1\include" /I"C:\Users\Benjamin\Code\Github\TheAudioTale\SFML-2.1\src" /Zi /nologo /W3 /WX- /Od /Ob0 /Oy- /D WIN32 /D _WINDOWS /D _DEBUG /D _CRT_SECURE_NO_DEPRECATE /D "CMAKE_INTDIR=\"Debug\"" /D SFML_NETWORK_EXPORTS /D _WINDLL /D _MBCS /Gm- /EHsc /RTC1 /MDd /GS /fp:precise /Zc:wchar_t /Zc:forScope /GR /Fo"sfml-network.dir\Debug\\" /Fd"sfml-network.dir\Debug\vc120.pdb" /Gd /TP /analyze- /errorReport:prompt "C:\Users\Benjamin\Code\Github\TheAudioTale\SFML-2.1\src\SFML\Network\Ftp.cpp" "C:\Users\Benjamin\Code\Github\TheAudioTale\SFML-2.1\src\SFML\Network\Http.cpp" "C:\Users\Benjamin\Code\Github\TheAudioTale\SFML-2.1\src\SFML\Network\IpAddress.cpp" "C:\Users\Benjamin\Code\Github\TheAudioTale\SFML-2.1\src\SFML\Network\Packet.cpp" "C:\Users\Benjamin\Code\Github\TheAudioTale\SFML-2.1\src\SFML\Network\Socket.cpp" "C:\Users\Benjamin\Code\Github\TheAudioTale\SFML-2.1\src\SFML\Network\SocketSelector.cpp" "C:\Users\Benjamin\Code\Github\TheAudioTale\SFML-2.1\src\SFML\Network\TcpListener.cpp" "C:\Users\Benjamin\Code\Github\TheAudioTale\SFML-2.1\src\SFML\Network\TcpSocket.cpp" "C:\Users\Benjamin\Code\Github\TheAudioTale\SFML-2.1\src\SFML\Network\UdpSocket.cpp" "C:\Users\Benjamin\Code\Github\TheAudioTale\SFML-2.1\src\SFML\Network\Win32\SocketImpl.cpp"
         Ftp.cpp
         Http.cpp
         IpAddress.cpp
         Packet.cpp
         Socket.cpp
         SocketSelector.cpp
         TcpListener.cpp
         TcpSocket.cpp
         UdpSocket.cpp
         SocketImpl.cpp
         Generating Code...
       Link:
         C:\Program Files (x86)\Microsoft Visual Studio 12.0\VC\bin\link.exe /ERRORREPORT:PROMPT /OUT:"C:\Users\Benjamin\Code\Github\TheAudioTale\SFML_bin\lib\Debug\sfml-network-d-2.dll" /INCREMENTAL /NOLOGO kernel32.lib user32.lib gdi32.lib winspool.lib shell32.lib ole32.lib oleaut32.lib uuid.lib comdlg32.lib advapi32.lib "..\..\..\lib\Debug\sfml-system-d.lib" ws2_32.lib /MANIFEST /MANIFESTUAC:"level='asInvoker' uiAccess='false'" /manifest:embed /DEBUG /PDB:"C:/Users/Benjamin/Code/Github/TheAudioTale/SFML_bin/lib/Debug/sfml-network-d.pdb" /SUBSYSTEM:CONSOLE /TLBID:1 /DYNAMICBASE /NXCOMPAT /IMPLIB:"C:/Users/Benjamin/Code/Github/TheAudioTale/SFML_bin/lib/Debug/sfml-network-d.lib" /MACHINE:X86 /SAFESEH  /machine:X86 /debug /DLL "sfml-network.dir\Debug\Ftp.obj"
         "sfml-network.dir\Debug\Http.obj"
         "sfml-network.dir\Debug\IpAddress.obj"
         "sfml-network.dir\Debug\Packet.obj"
         "sfml-network.dir\Debug\Socket.obj"
         "sfml-network.dir\Debug\SocketSelector.obj"
         "sfml-network.dir\Debug\TcpListener.obj"
         "sfml-network.dir\Debug\TcpSocket.obj"
         "sfml-network.dir\Debug\UdpSocket.obj"
         "sfml-network.dir\Debug\SocketImpl.obj"
            Creating library C:/Users/Benjamin/Code/Github/TheAudioTale/SFML_bin/lib/Debug/sfml-network-d.lib and object C:/Users/Benjamin/Code/Github/TheAudioTale/SFML_bin/lib/Debug/sfml-network-d.exp
         sfml-network.vcxproj -> C:\Users\Benjamin\Code\Github\TheAudioTale\SFML_bin\lib\Debug\sfml-network-d-2.dll
     1>Done Building Project "C:\Users\Benjamin\Code\Github\TheAudioTale\SFML_bin\src\SFML\Network\sfml-network.vcxproj" (Rebuild target(s)).

Build succeeded.

Time Elapsed 00:00:07.55
