Build started 30/10/2014 03:21:52.
     1>Project "C:\Users\Benjamin\Code\Github\TheAudioTale\SFML_bin\src\SFML\Audio\sfml-audio.vcxproj" on node 2 (Rebuild target(s)).
     1>CustomBuild:
         Building Custom Rule C:/Users/Benjamin/Code/Github/TheAudioTale/SFML-2.1/src/SFML/Audio/CMakeLists.txt
         CMake does not need to re-run because C:\Users\Benjamin\Code\Github\TheAudioTale\SFML_bin\src\SFML\Audio\CMakeFiles\generate.stamp is up-to-date.
       ClCompile:
         C:\Program Files (x86)\Microsoft Visual Studio 12.0\VC\bin\CL.exe /c /I"C:\Users\Benjamin\Code\Github\TheAudioTale\SFML-2.1\include" /I"C:\Users\Benjamin\Code\Github\TheAudioTale\SFML-2.1\src" /I"C:\Users\Benjamin\Code\Github\TheAudioTale\SFML-2.1\extlibs\headers\AL" /I"C:\Users\Benjamin\Code\Github\TheAudioTale\SFML-2.1\extlibs\headers\libsndfile\windows" /nologo /W3 /WX- /O2 /Ob2 /Oy- /D WIN32 /D _WINDOWS /D NDEBUG /D _CRT_SECURE_NO_DEPRECATE /D "CMAKE_INTDIR=\"Release\"" /D SFML_AUDIO_EXPORTS /D _WINDLL /D _MBCS /Gm- /EHsc /MD /GS /fp:precise /Zc:wchar_t /Zc:forScope /GR /Fo"sfml-audio.dir\Release\\" /Fd"sfml-audio.dir\Release\vc120.pdb" /Gd /TP /analyze- /errorReport:prompt "C:\Users\Benjamin\Code\Github\TheAudioTale\SFML-2.1\src\SFML\Audio\ALCheck.cpp" "C:\Users\Benjamin\Code\Github\TheAudioTale\SFML-2.1\src\SFML\Audio\AudioDevice.cpp" "C:\Users\Benjamin\Code\Github\TheAudioTale\SFML-2.1\src\SFML\Audio\Listener.cpp" "C:\Users\Benjamin\Code\Github\TheAudioTale\SFML-2.1\src\SFML\Audio\Music.cpp" "C:\Users\Benjamin\Code\Github\TheAudioTale\SFML-2.1\src\SFML\Audio\Sound.cpp" "C:\Users\Benjamin\Code\Github\TheAudioTale\SFML-2.1\src\SFML\Audio\SoundBuffer.cpp" "C:\Users\Benjamin\Code\Github\TheAudioTale\SFML-2.1\src\SFML\Audio\SoundBufferRecorder.cpp" "C:\Users\Benjamin\Code\Github\TheAudioTale\SFML-2.1\src\SFML\Audio\SoundFile.cpp" "C:\Users\Benjamin\Code\Github\TheAudioTale\SFML-2.1\src\SFML\Audio\SoundRecorder.cpp" "C:\Users\Benjamin\Code\Github\TheAudioTale\SFML-2.1\src\SFML\Audio\SoundSource.cpp" "C:\Users\Benjamin\Code\Github\TheAudioTale\SFML-2.1\src\SFML\Audio\SoundStream.cpp"
         ALCheck.cpp
         AudioDevice.cpp
         Listener.cpp
         Music.cpp
         Sound.cpp
         SoundBuffer.cpp
         SoundBufferRecorder.cpp
         SoundFile.cpp
         SoundRecorder.cpp
         SoundSource.cpp
         SoundStream.cpp
         Generating Code...
       Link:
         C:\Program Files (x86)\Microsoft Visual Studio 12.0\VC\bin\link.exe /ERRORREPORT:PROMPT /OUT:"C:\Users\Benjamin\Code\Github\TheAudioTale\SFML_bin\lib\Release\sfml-audio-2.dll" /INCREMENTAL:NO /NOLOGO kernel32.lib user32.lib gdi32.lib winspool.lib shell32.lib ole32.lib oleaut32.lib uuid.lib comdlg32.lib advapi32.lib "..\..\..\lib\Release\sfml-system.lib" "C:\Users\Benjamin\Code\Github\TheAudioTale\SFML-2.1\extlibs\libs-msvc\x86\openal32.lib" "C:\Users\Benjamin\Code\Github\TheAudioTale\SFML-2.1\extlibs\libs-msvc\x86\sndfile.lib" /MANIFEST /MANIFESTUAC:"level='asInvoker' uiAccess='false'" /manifest:embed /PDB:"C:/Users/Benjamin/Code/Github/TheAudioTale/SFML_bin/lib/Release/sfml-audio.pdb" /SUBSYSTEM:CONSOLE /TLBID:1 /DYNAMICBASE /NXCOMPAT /IMPLIB:"C:/Users/Benjamin/Code/Github/TheAudioTale/SFML_bin/lib/Release/sfml-audio.lib" /MACHINE:X86 /SAFESEH  /machine:X86 /DLL "sfml-audio.dir\Release\ALCheck.obj"
         "sfml-audio.dir\Release\AudioDevice.obj"
         "sfml-audio.dir\Release\Listener.obj"
         "sfml-audio.dir\Release\Music.obj"
         "sfml-audio.dir\Release\Sound.obj"
         "sfml-audio.dir\Release\SoundBuffer.obj"
         "sfml-audio.dir\Release\SoundBufferRecorder.obj"
         "sfml-audio.dir\Release\SoundFile.obj"
         "sfml-audio.dir\Release\SoundRecorder.obj"
         "sfml-audio.dir\Release\SoundSource.obj"
         "sfml-audio.dir\Release\SoundStream.obj"
            Creating library C:/Users/Benjamin/Code/Github/TheAudioTale/SFML_bin/lib/Release/sfml-audio.lib and object C:/Users/Benjamin/Code/Github/TheAudioTale/SFML_bin/lib/Release/sfml-audio.exp
         sfml-audio.vcxproj -> C:\Users\Benjamin\Code\Github\TheAudioTale\SFML_bin\lib\Release\sfml-audio-2.dll
     1>Done Building Project "C:\Users\Benjamin\Code\Github\TheAudioTale\SFML_bin\src\SFML\Audio\sfml-audio.vcxproj" (Rebuild target(s)).

Build succeeded.

Time Elapsed 00:00:04.98
