Build started 30/10/2014 03:22:01.
     1>Project "C:\Users\Benjamin\Code\Github\TheAudioTale\SFML_bin\src\SFML\Graphics\sfml-graphics.vcxproj" on node 4 (Rebuild target(s)).
     1>CustomBuild:
         Building Custom Rule C:/Users/Benjamin/Code/Github/TheAudioTale/SFML-2.1/src/SFML/Graphics/CMakeLists.txt
         CMake does not need to re-run because C:\Users\Benjamin\Code\Github\TheAudioTale\SFML_bin\src\SFML\Graphics\CMakeFiles\generate.stamp is up-to-date.
       ClCompile:
         C:\Program Files (x86)\Microsoft Visual Studio 12.0\VC\bin\CL.exe /c /I"C:\Users\Benjamin\Code\Github\TheAudioTale\SFML-2.1\include" /I"C:\Users\Benjamin\Code\Github\TheAudioTale\SFML-2.1\src" /I"C:\Users\Benjamin\Code\Github\TheAudioTale\SFML-2.1\extlibs\headers\libfreetype\windows" /I"C:\Users\Benjamin\Code\Github\TheAudioTale\SFML-2.1\extlibs\headers" /I"C:\Users\Benjamin\Code\Github\TheAudioTale\SFML-2.1\extlibs\headers\jpeg" /nologo /W3 /WX- /O2 /Ob2 /Oy- /D WIN32 /D _WINDOWS /D NDEBUG /D _CRT_SECURE_NO_DEPRECATE /D GLEW_STATIC /D STBI_FAILURE_USERMSG /D "CMAKE_INTDIR=\"Release\"" /D SFML_GRAPHICS_EXPORTS /D _WINDLL /D _MBCS /Gm- /EHsc /MD /GS /fp:precise /Zc:wchar_t /Zc:forScope /GR /Fo"sfml-graphics.dir\Release\\" /Fd"sfml-graphics.dir\Release\vc120.pdb" /Gd /TP /analyze- /errorReport:prompt "C:\Users\Benjamin\Code\Github\TheAudioTale\SFML-2.1\src\SFML\Graphics\Color.cpp" "C:\Users\Benjamin\Code\Github\TheAudioTale\SFML-2.1\src\SFML\Graphics\Font.cpp" "C:\Users\Benjamin\Code\Github\TheAudioTale\SFML-2.1\src\SFML\Graphics\GLCheck.cpp" "C:\Users\Benjamin\Code\Github\TheAudioTale\SFML-2.1\src\SFML\Graphics\Image.cpp" "C:\Users\Benjamin\Code\Github\TheAudioTale\SFML-2.1\src\SFML\Graphics\ImageLoader.cpp" "C:\Users\Benjamin\Code\Github\TheAudioTale\SFML-2.1\src\SFML\Graphics\RenderStates.cpp" "C:\Users\Benjamin\Code\Github\TheAudioTale\SFML-2.1\src\SFML\Graphics\RenderTexture.cpp" "C:\Users\Benjamin\Code\Github\TheAudioTale\SFML-2.1\src\SFML\Graphics\RenderTarget.cpp" "C:\Users\Benjamin\Code\Github\TheAudioTale\SFML-2.1\src\SFML\Graphics\RenderWindow.cpp" "C:\Users\Benjamin\Code\Github\TheAudioTale\SFML-2.1\src\SFML\Graphics\Shader.cpp" "C:\Users\Benjamin\Code\Github\TheAudioTale\SFML-2.1\src\SFML\Graphics\Texture.cpp" "C:\Users\Benjamin\Code\Github\TheAudioTale\SFML-2.1\src\SFML\Graphics\TextureSaver.cpp" "C:\Users\Benjamin\Code\Github\TheAudioTale\SFML-2.1\src\SFML\Graphics\Transform.cpp" "C:\Users\Benjamin\Code\Github\TheAudioTale\SFML-2.1\src\SFML\Graphics\Transformable.cpp" "C:\Users\Benjamin\Code\Github\TheAudioTale\SFML-2.1\src\SFML\Graphics\View.cpp" "C:\Users\Benjamin\Code\Github\TheAudioTale\SFML-2.1\src\SFML\Graphics\Vertex.cpp" "C:\Users\Benjamin\Code\Github\TheAudioTale\SFML-2.1\src\SFML\Graphics\Shape.cpp" "C:\Users\Benjamin\Code\Github\TheAudioTale\SFML-2.1\src\SFML\Graphics\CircleShape.cpp" "C:\Users\Benjamin\Code\Github\TheAudioTale\SFML-2.1\src\SFML\Graphics\RectangleShape.cpp" "C:\Users\Benjamin\Code\Github\TheAudioTale\SFML-2.1\src\SFML\Graphics\ConvexShape.cpp" "C:\Users\Benjamin\Code\Github\TheAudioTale\SFML-2.1\src\SFML\Graphics\Sprite.cpp" "C:\Users\Benjamin\Code\Github\TheAudioTale\SFML-2.1\src\SFML\Graphics\Text.cpp" "C:\Users\Benjamin\Code\Github\TheAudioTale\SFML-2.1\src\SFML\Graphics\VertexArray.cpp" "C:\Users\Benjamin\Code\Github\TheAudioTale\SFML-2.1\src\SFML\Graphics\RenderTextureImpl.cpp" "C:\Users\Benjamin\Code\Github\TheAudioTale\SFML-2.1\src\SFML\Graphics\RenderTextureImplFBO.cpp" "C:\Users\Benjamin\Code\Github\TheAudioTale\SFML-2.1\src\SFML\Graphics\RenderTextureImplDefault.cpp"
         Color.cpp
         Font.cpp
         GLCheck.cpp
         Image.cpp
         ImageLoader.cpp
         RenderStates.cpp
         RenderTexture.cpp
         RenderTarget.cpp
         RenderWindow.cpp
         Shader.cpp
         Texture.cpp
         TextureSaver.cpp
         Transform.cpp
         Transformable.cpp
         View.cpp
         Vertex.cpp
         Shape.cpp
         CircleShape.cpp
         RectangleShape.cpp
         ConvexShape.cpp
         Generating Code...
         Compiling...
         Sprite.cpp
         Text.cpp
         VertexArray.cpp
         RenderTextureImpl.cpp
         RenderTextureImplFBO.cpp
         RenderTextureImplDefault.cpp
         Generating Code...
       Link:
         C:\Program Files (x86)\Microsoft Visual Studio 12.0\VC\bin\link.exe /ERRORREPORT:PROMPT /OUT:"C:\Users\Benjamin\Code\Github\TheAudioTale\SFML_bin\lib\Release\sfml-graphics-2.dll" /INCREMENTAL:NO /NOLOGO kernel32.lib user32.lib gdi32.lib winspool.lib shell32.lib ole32.lib oleaut32.lib uuid.lib comdlg32.lib advapi32.lib "..\..\..\lib\Release\sfml-window.lib" "..\..\..\lib\Release\sfml-system.lib" "C:\Users\Benjamin\Code\Github\TheAudioTale\SFML-2.1\extlibs\libs-msvc\x86\freetype.lib" "C:\Users\Benjamin\Code\Github\TheAudioTale\SFML-2.1\extlibs\libs-msvc\x86\glew.lib" "C:\Users\Benjamin\Code\Github\TheAudioTale\SFML-2.1\extlibs\libs-msvc\x86\jpeg.lib" opengl32.lib winmm.lib gdi32.lib /MANIFEST /MANIFESTUAC:"level='asInvoker' uiAccess='false'" /manifest:embed /PDB:"C:/Users/Benjamin/Code/Github/TheAudioTale/SFML_bin/lib/Release/sfml-graphics.pdb" /SUBSYSTEM:CONSOLE /TLBID:1 /DYNAMICBASE /NXCOMPAT /IMPLIB:"C:/Users/Benjamin/Code/Github/TheAudioTale/SFML_bin/lib/Release/sfml-graphics.lib" /MACHINE:X86 /SAFESEH  /machine:X86 /DLL "sfml-graphics.dir\Release\Color.obj"
         "sfml-graphics.dir\Release\Font.obj"
         "sfml-graphics.dir\Release\GLCheck.obj"
         "sfml-graphics.dir\Release\Image.obj"
         "sfml-graphics.dir\Release\ImageLoader.obj"
         "sfml-graphics.dir\Release\RenderStates.obj"
         "sfml-graphics.dir\Release\RenderTexture.obj"
         "sfml-graphics.dir\Release\RenderTarget.obj"
         "sfml-graphics.dir\Release\RenderWindow.obj"
         "sfml-graphics.dir\Release\Shader.obj"
         "sfml-graphics.dir\Release\Texture.obj"
         "sfml-graphics.dir\Release\TextureSaver.obj"
         "sfml-graphics.dir\Release\Transform.obj"
         "sfml-graphics.dir\Release\Transformable.obj"
         "sfml-graphics.dir\Release\View.obj"
         "sfml-graphics.dir\Release\Vertex.obj"
         "sfml-graphics.dir\Release\Shape.obj"
         "sfml-graphics.dir\Release\CircleShape.obj"
         "sfml-graphics.dir\Release\RectangleShape.obj"
         "sfml-graphics.dir\Release\ConvexShape.obj"
         "sfml-graphics.dir\Release\Sprite.obj"
         "sfml-graphics.dir\Release\Text.obj"
         "sfml-graphics.dir\Release\VertexArray.obj"
         "sfml-graphics.dir\Release\RenderTextureImpl.obj"
         "sfml-graphics.dir\Release\RenderTextureImplFBO.obj"
         "sfml-graphics.dir\Release\RenderTextureImplDefault.obj"
            Creating library C:/Users/Benjamin/Code/Github/TheAudioTale/SFML_bin/lib/Release/sfml-graphics.lib and object C:/Users/Benjamin/Code/Github/TheAudioTale/SFML_bin/lib/Release/sfml-graphics.exp
         sfml-graphics.vcxproj -> C:\Users\Benjamin\Code\Github\TheAudioTale\SFML_bin\lib\Release\sfml-graphics-2.dll
     1>Done Building Project "C:\Users\Benjamin\Code\Github\TheAudioTale\SFML_bin\src\SFML\Graphics\sfml-graphics.vcxproj" (Rebuild target(s)).

Build succeeded.

Time Elapsed 00:00:09.98
