Build started 30/10/2014 03:19:54.
     1>Project "C:\Users\Benjamin\Code\Github\TheAudioTale\SFML_bin\src\SFML\System\sfml-system.vcxproj" on node 2 (Rebuild target(s)).
     1>CustomBuild:
         Building Custom Rule C:/Users/Benjamin/Code/Github/TheAudioTale/SFML-2.1/src/SFML/System/CMakeLists.txt
         CMake does not need to re-run because C:\Users\Benjamin\Code\Github\TheAudioTale\SFML_bin\src\SFML\System\CMakeFiles\generate.stamp is up-to-date.
       ClCompile:
         C:\Program Files (x86)\Microsoft Visual Studio 12.0\VC\bin\CL.exe /c /I"C:\Users\Benjamin\Code\Github\TheAudioTale\SFML-2.1\include" /I"C:\Users\Benjamin\Code\Github\TheAudioTale\SFML-2.1\src" /Zi /nologo /W3 /WX- /Od /Ob0 /Oy- /D WIN32 /D _WINDOWS /D _DEBUG /D _CRT_SECURE_NO_DEPRECATE /D "CMAKE_INTDIR=\"Debug\"" /D SFML_SYSTEM_EXPORTS /D _WINDLL /D _MBCS /Gm- /EHsc /RTC1 /MDd /GS /fp:precise /Zc:wchar_t /Zc:forScope /GR /Fo"sfml-system.dir\Debug\\" /Fd"sfml-system.dir\Debug\vc120.pdb" /Gd /TP /analyze- /errorReport:prompt "C:\Users\Benjamin\Code\Github\TheAudioTale\SFML-2.1\src\SFML\System\Clock.cpp" "C:\Users\Benjamin\Code\Github\TheAudioTale\SFML-2.1\src\SFML\System\Err.cpp" "C:\Users\Benjamin\Code\Github\TheAudioTale\SFML-2.1\src\SFML\System\Lock.cpp" "C:\Users\Benjamin\Code\Github\TheAudioTale\SFML-2.1\src\SFML\System\Mutex.cpp" "C:\Users\Benjamin\Code\Github\TheAudioTale\SFML-2.1\src\SFML\System\Sleep.cpp" "C:\Users\Benjamin\Code\Github\TheAudioTale\SFML-2.1\src\SFML\System\String.cpp" "C:\Users\Benjamin\Code\Github\TheAudioTale\SFML-2.1\src\SFML\System\Thread.cpp" "C:\Users\Benjamin\Code\Github\TheAudioTale\SFML-2.1\src\SFML\System\ThreadLocal.cpp" "C:\Users\Benjamin\Code\Github\TheAudioTale\SFML-2.1\src\SFML\System\Time.cpp" "C:\Users\Benjamin\Code\Github\TheAudioTale\SFML-2.1\src\SFML\System\Win32\ClockImpl.cpp" "C:\Users\Benjamin\Code\Github\TheAudioTale\SFML-2.1\src\SFML\System\Win32\MutexImpl.cpp" "C:\Users\Benjamin\Code\Github\TheAudioTale\SFML-2.1\src\SFML\System\Win32\SleepImpl.cpp" "C:\Users\Benjamin\Code\Github\TheAudioTale\SFML-2.1\src\SFML\System\Win32\ThreadImpl.cpp" "C:\Users\Benjamin\Code\Github\TheAudioTale\SFML-2.1\src\SFML\System\Win32\ThreadLocalImpl.cpp"
         Clock.cpp
         Err.cpp
         Lock.cpp
         Mutex.cpp
         Sleep.cpp
         String.cpp
         Thread.cpp
         ThreadLocal.cpp
         Time.cpp
         ClockImpl.cpp
         MutexImpl.cpp
         SleepImpl.cpp
         ThreadImpl.cpp
         ThreadLocalImpl.cpp
         Generating Code...
       Link:
         C:\Program Files (x86)\Microsoft Visual Studio 12.0\VC\bin\link.exe /ERRORREPORT:PROMPT /OUT:"C:\Users\Benjamin\Code\Github\TheAudioTale\SFML_bin\lib\Debug\sfml-system-d-2.dll" /INCREMENTAL /NOLOGO kernel32.lib user32.lib gdi32.lib winspool.lib shell32.lib ole32.lib oleaut32.lib uuid.lib comdlg32.lib advapi32.lib /MANIFEST /MANIFESTUAC:"level='asInvoker' uiAccess='false'" /manifest:embed /DEBUG /PDB:"C:/Users/Benjamin/Code/Github/TheAudioTale/SFML_bin/lib/Debug/sfml-system-d.pdb" /SUBSYSTEM:CONSOLE /TLBID:1 /DYNAMICBASE /NXCOMPAT /IMPLIB:"C:/Users/Benjamin/Code/Github/TheAudioTale/SFML_bin/lib/Debug/sfml-system-d.lib" /MACHINE:X86 /SAFESEH  /machine:X86 /debug /DLL "sfml-system.dir\Debug\Clock.obj"
         "sfml-system.dir\Debug\Err.obj"
         "sfml-system.dir\Debug\Lock.obj"
         "sfml-system.dir\Debug\Mutex.obj"
         "sfml-system.dir\Debug\Sleep.obj"
         "sfml-system.dir\Debug\String.obj"
         "sfml-system.dir\Debug\Thread.obj"
         "sfml-system.dir\Debug\ThreadLocal.obj"
         "sfml-system.dir\Debug\Time.obj"
         "sfml-system.dir\Debug\ClockImpl.obj"
         "sfml-system.dir\Debug\MutexImpl.obj"
         "sfml-system.dir\Debug\SleepImpl.obj"
         "sfml-system.dir\Debug\ThreadImpl.obj"
         "sfml-system.dir\Debug\ThreadLocalImpl.obj"
            Creating library C:/Users/Benjamin/Code/Github/TheAudioTale/SFML_bin/lib/Debug/sfml-system-d.lib and object C:/Users/Benjamin/Code/Github/TheAudioTale/SFML_bin/lib/Debug/sfml-system-d.exp
         sfml-system.vcxproj -> C:\Users\Benjamin\Code\Github\TheAudioTale\SFML_bin\lib\Debug\sfml-system-d-2.dll
     1>Done Building Project "C:\Users\Benjamin\Code\Github\TheAudioTale\SFML_bin\src\SFML\System\sfml-system.vcxproj" (Rebuild target(s)).

Build succeeded.

Time Elapsed 00:00:05.60
