Build started 30/10/2014 03:20:00.
     1>Project "C:\Users\Benjamin\Code\Github\TheAudioTale\SFML_bin\src\SFML\Window\sfml-window.vcxproj" on node 3 (Rebuild target(s)).
     1>CustomBuild:
         Building Custom Rule C:/Users/Benjamin/Code/Github/TheAudioTale/SFML-2.1/src/SFML/Window/CMakeLists.txt
         CMake does not need to re-run because C:\Users\Benjamin\Code\Github\TheAudioTale\SFML_bin\src\SFML\Window\CMakeFiles\generate.stamp is up-to-date.
       ClCompile:
         C:\Program Files (x86)\Microsoft Visual Studio 12.0\VC\bin\CL.exe /c /I"C:\Users\Benjamin\Code\Github\TheAudioTale\SFML-2.1\include" /I"C:\Users\Benjamin\Code\Github\TheAudioTale\SFML-2.1\src" /Zi /nologo /W3 /WX- /Od /Ob0 /Oy- /D WIN32 /D _WINDOWS /D _DEBUG /D _CRT_SECURE_NO_DEPRECATE /D "CMAKE_INTDIR=\"Debug\"" /D SFML_WINDOW_EXPORTS /D _WINDLL /D _MBCS /Gm- /EHsc /RTC1 /MDd /GS /fp:precise /Zc:wchar_t /Zc:forScope /GR /Fo"sfml-window.dir\Debug\\" /Fd"sfml-window.dir\Debug\vc120.pdb" /Gd /TP /analyze- /errorReport:prompt "C:\Users\Benjamin\Code\Github\TheAudioTale\SFML-2.1\src\SFML\Window\Context.cpp" "C:\Users\Benjamin\Code\Github\TheAudioTale\SFML-2.1\src\SFML\Window\GlContext.cpp" "C:\Users\Benjamin\Code\Github\TheAudioTale\SFML-2.1\src\SFML\Window\GlResource.cpp" "C:\Users\Benjamin\Code\Github\TheAudioTale\SFML-2.1\src\SFML\Window\Joystick.cpp" "C:\Users\Benjamin\Code\Github\TheAudioTale\SFML-2.1\src\SFML\Window\JoystickManager.cpp" "C:\Users\Benjamin\Code\Github\TheAudioTale\SFML-2.1\src\SFML\Window\Keyboard.cpp" "C:\Users\Benjamin\Code\Github\TheAudioTale\SFML-2.1\src\SFML\Window\Mouse.cpp" "C:\Users\Benjamin\Code\Github\TheAudioTale\SFML-2.1\src\SFML\Window\VideoMode.cpp" "C:\Users\Benjamin\Code\Github\TheAudioTale\SFML-2.1\src\SFML\Window\Window.cpp" "C:\Users\Benjamin\Code\Github\TheAudioTale\SFML-2.1\src\SFML\Window\WindowImpl.cpp" "C:\Users\Benjamin\Code\Github\TheAudioTale\SFML-2.1\src\SFML\Window\Win32\WglContext.cpp" "C:\Users\Benjamin\Code\Github\TheAudioTale\SFML-2.1\src\SFML\Window\Win32\InputImpl.cpp" "C:\Users\Benjamin\Code\Github\TheAudioTale\SFML-2.1\src\SFML\Window\Win32\JoystickImpl.cpp" "C:\Users\Benjamin\Code\Github\TheAudioTale\SFML-2.1\src\SFML\Window\Win32\VideoModeImpl.cpp" "C:\Users\Benjamin\Code\Github\TheAudioTale\SFML-2.1\src\SFML\Window\Win32\WindowImplWin32.cpp"
         Context.cpp
         GlContext.cpp
         GlResource.cpp
         Joystick.cpp
         JoystickManager.cpp
         Keyboard.cpp
         Mouse.cpp
         VideoMode.cpp
         Window.cpp
         WindowImpl.cpp
         WglContext.cpp
         InputImpl.cpp
         JoystickImpl.cpp
         VideoModeImpl.cpp
         WindowImplWin32.cpp
     1>C:\Users\Benjamin\Code\Github\TheAudioTale\SFML-2.1\src\SFML\Window\Win32\WindowImplWin32.cpp(887): warning C4996: 'GetVersionExA': was declared deprecated
                 C:\Program Files (x86)\Windows Kits\8.1\Include\um\sysinfoapi.h(433) : see declaration of 'GetVersionExA'
         Generating Code...
       Link:
         C:\Program Files (x86)\Microsoft Visual Studio 12.0\VC\bin\link.exe /ERRORREPORT:PROMPT /OUT:"C:\Users\Benjamin\Code\Github\TheAudioTale\SFML_bin\lib\Debug\sfml-window-d-2.dll" /INCREMENTAL /NOLOGO kernel32.lib user32.lib gdi32.lib winspool.lib shell32.lib ole32.lib oleaut32.lib uuid.lib comdlg32.lib advapi32.lib "..\..\..\lib\Debug\sfml-system-d.lib" opengl32.lib winmm.lib gdi32.lib /MANIFEST /MANIFESTUAC:"level='asInvoker' uiAccess='false'" /manifest:embed /DEBUG /PDB:"C:/Users/Benjamin/Code/Github/TheAudioTale/SFML_bin/lib/Debug/sfml-window-d.pdb" /SUBSYSTEM:CONSOLE /TLBID:1 /DYNAMICBASE /NXCOMPAT /IMPLIB:"C:/Users/Benjamin/Code/Github/TheAudioTale/SFML_bin/lib/Debug/sfml-window-d.lib" /MACHINE:X86 /SAFESEH  /machine:X86 /debug /DLL "sfml-window.dir\Debug\Context.obj"
         "sfml-window.dir\Debug\GlContext.obj"
         "sfml-window.dir\Debug\GlResource.obj"
         "sfml-window.dir\Debug\Joystick.obj"
         "sfml-window.dir\Debug\JoystickManager.obj"
         "sfml-window.dir\Debug\Keyboard.obj"
         "sfml-window.dir\Debug\Mouse.obj"
         "sfml-window.dir\Debug\VideoMode.obj"
         "sfml-window.dir\Debug\Window.obj"
         "sfml-window.dir\Debug\WindowImpl.obj"
         "sfml-window.dir\Debug\WglContext.obj"
         "sfml-window.dir\Debug\InputImpl.obj"
         "sfml-window.dir\Debug\JoystickImpl.obj"
         "sfml-window.dir\Debug\VideoModeImpl.obj"
         "sfml-window.dir\Debug\WindowImplWin32.obj"
            Creating library C:/Users/Benjamin/Code/Github/TheAudioTale/SFML_bin/lib/Debug/sfml-window-d.lib and object C:/Users/Benjamin/Code/Github/TheAudioTale/SFML_bin/lib/Debug/sfml-window-d.exp
         sfml-window.vcxproj -> C:\Users\Benjamin\Code\Github\TheAudioTale\SFML_bin\lib\Debug\sfml-window-d-2.dll
     1>Done Building Project "C:\Users\Benjamin\Code\Github\TheAudioTale\SFML_bin\src\SFML\Window\sfml-window.vcxproj" (Rebuild target(s)).

Build succeeded.

Time Elapsed 00:00:08.75
